x86-vm.adb:86:50: info: overflow check proved (CVC4: 2 VC in max 0.0 seconds and 1 step)
x86-vm.adb:86:50: info: range check proved (CVC4: 2 VC in max 0.0 seconds and 1 step)
x86-vm.adb:86:55: info: overflow check proved (CVC4: 2 VC in max 0.0 seconds and 1 step)
x86-vm.adb:89:33: info: loop invariant preservation proved (CVC4: 1 VC in max 0.0 seconds and 1 step)
x86-vm.adb:89:33: info: loop invariant initialization proved (CVC4: 1 VC in max 0.0 seconds and 1 step)
x86-vm.adb:89:64: info: index check proved (CVC4: 2 VC in max 0.0 seconds and 1 step)
x86-vm.adb:149:24: info: initialization of "Target_Level" proved
x86-vm.adb:150:29: info: initialization of "Current_Table" proved
x86-vm.adb:150:44: info: initialization of "Offsets" proved
x86-vm.adb:151:14: info: initialization of "PTE" proved
x86-vm.adb:154:17: info: initialization of "PTE" proved
x86-vm.adb:156:16: info: precondition proved (CVC4: 1 VC in max 0.0 seconds and 1 step)
x86-vm.adb:158:19: info: initialization of "Current_Table" proved
x86-vm.adb:158:19: info: initialization of "Offsets" proved
x86-vm.adb:158:22: medium: precondition might fail (e.g. when Dir_Page = 4503599627370496)
x86-vm.adb:158:43: info: initialization of "Dir_Page" proved
x86-vm.adb:158:74: info: predicate check proved (CVC4: 1 VC in max 0.0 seconds and 1 step)
x86-vm.adb:165:19: info: precondition proved (CVC4: 1 VC in max 0.0 seconds and 1 step)
x86-vm.adb:165:50: info: initialization of "Current_Table" proved
x86-vm.adb:165:65: info: initialization of "Offsets" proved
x86-vm.adb:167:23: warning: unused assignment
x86-vm.adb:167:23: medium: "Tables" might not be initialized
x86-vm.adb:167:26: info: initialization of "Current_Table" proved
x86-vm.adb:170:26: info: initialization of "Current_Table" proved
x86-vm.adb:170:41: info: initialization of "Offsets" proved
x86-vm.adb:170:49: info: initialization of "Target_Level" proved
x86-vm.adb:171:11: info: initialization of "PTE" proved
x86-vm.adb:172:22: warning: unused assignment
x86-vm.adb:172:41: info: initialization of "PTE" proved
x86-vm.adb:174:13: info: initialization of "Current_Table" proved
x86-vm.adb:174:13: info: initialization of "Offsets" proved
x86-vm.adb:174:13: info: initialization of "Target_Level" proved
x86-vm.adb:174:16: info: precondition proved (CVC4: 2 VC in max 0.0 seconds and 1 step)
x86-vm.adb:196:24: info: initialization of "Target_Level" proved
x86-vm.adb:197:29: info: initialization of "Current_Table" proved
x86-vm.adb:197:44: info: initialization of "Offsets" proved
x86-vm.adb:198:14: info: initialization of "PTE" proved
x86-vm.adb:203:19: info: precondition proved (CVC4: 1 VC in max 0.0 seconds and 1 step)
x86-vm.adb:203:50: info: initialization of "Current_Table" proved
x86-vm.adb:203:65: info: initialization of "Offsets" proved
x86-vm.adb:206:26: info: initialization of "Current_Table" proved
x86-vm.adb:206:41: info: initialization of "Offsets" proved
x86-vm.adb:206:49: info: initialization of "Target_Level" proved
x86-vm.adb:207:11: info: initialization of "PTE" proved
x86-vm.adb:208:16: medium: precondition might fail (e.g. when PA = 0 and PTE = 0)
x86-vm.adb:208:34: info: initialization of "PTE" proved
x86-vm.adb:210:13: info: initialization of "Target_Level" proved
x86-vm.adb:210:13: info: initialization of "Current_Table" proved
x86-vm.adb:210:13: info: initialization of "Offsets" proved
x86-vm.adb:210:16: medium: precondition might fail
x86-vm.adb:210:36: info: predicate check proved (CVC4: 1 VC in max 0.0 seconds and 1 step)
x86-vm.ads:44:31: info: initialization of "Success" proved
x86-vm.ads:52:28: medium: "PA" might not be initialized in "Free_Mapping"
x86-vm.ads:53:28: info: initialization of "Success" proved
x86-vm.ads:81:09: info: range check proved (CVC4: 2 VC in max 0.0 seconds and 1 step)
x86-vm.ads:105:13: info: postcondition proved (CVC4: 2 VC in max 0.0 seconds and 1 step)
x86-vm.ads:108:32: info: initialization of "Page" proved
x86-vm.ads:114:25: medium: contract case might fail (e.g. when Dir_Pages = (others => False) and Page = 0)
x86-vm.ads:114:31: info: initialization of "Page" proved
x86-vm.ads:114:36: info: division check proved (CVC4: 1 VC in max 0.0 seconds and 1 step)
x86-vm.ads:115:25: info: contract case proved (CVC4: 2 VC in max 0.0 seconds and 1 step)
x86-vm.ads:115:29: info: initialization of "Page" proved
