x86-vm2.adb:48:50: info: overflow check proved (CVC4: 2 VC in max 0.0 seconds and 1 step)
x86-vm2.adb:48:50: info: range check proved (CVC4: 2 VC in max 0.0 seconds and 1 step)
x86-vm2.adb:48:55: info: overflow check proved (CVC4: 2 VC in max 0.0 seconds and 1 step)
x86-vm2.adb:51:33: info: loop invariant preservation proved (CVC4: 1 VC in max 0.0 seconds and 1 step)
x86-vm2.adb:51:33: info: loop invariant initialization proved (CVC4: 1 VC in max 0.0 seconds and 1 step)
x86-vm2.adb:51:64: info: index check proved (CVC4: 2 VC in max 0.0 seconds and 1 step)
x86-vm2.adb:126:29: info: initialization of "Current_Table" proved
x86-vm2.adb:126:44: info: initialization of "Offsets" proved
x86-vm2.adb:128:17: info: initialization of "Target_Level" proved
x86-vm2.adb:129:17: info: initialization of "PTE" proved
x86-vm2.adb:133:19: info: initialization of "Offsets" proved
x86-vm2.adb:133:19: info: initialization of "Current_Table" proved
x86-vm2.adb:133:22: info: precondition proved (CVC4: 6 VC in max 0.0 seconds and 1 step; Z3: 2 VC in max 0.0 seconds and 1 step)
x86-vm2.adb:137:17: info: initialization of "PTE" proved
x86-vm2.adb:140:17: info: initialization of "PTE" proved
x86-vm2.adb:142:16: info: precondition proved (CVC4: 4 VC in max 0.0 seconds and 1 step)
x86-vm2.adb:144:19: info: initialization of "Offsets" proved
x86-vm2.adb:144:19: info: initialization of "Current_Table" proved
x86-vm2.adb:144:22: info: precondition proved (CVC4: 8 VC in max 0.0 seconds and 1 step)
x86-vm2.adb:144:43: info: initialization of "Dir_Page" proved
x86-vm2.adb:144:61: info: predicate check proved (CVC4: 4 VC in max 0.0 seconds and 1 step)
x86-vm2.adb:151:19: info: precondition proved (CVC4: 4 VC in max 0.0 seconds and 1 step)
x86-vm2.adb:151:49: info: initialization of "Current_Table" proved
x86-vm2.adb:151:64: info: initialization of "Offsets" proved
x86-vm2.adb:154:07: info: raise statement proved unreachable (CVC4: 1 VC in max 0.0 seconds and 1 step)
x86-vm2.adb:191:24: warning: value not in range of type "BG_Colour" defined at console.ads:19
x86-vm2.adb:191:24: warning: "Constraint_Error" will be raised at run time
x86-vm2.adb:214:42: warning: suspicious "mod" value, was ** intended?
x86-vm2.ads:44:31: info: initialization of "Success" proved
x86-vm2.ads:60:09: info: range check proved (CVC4: 2 VC in max 0.0 seconds and 1 step)
x86-vm2.ads:78:13: info: postcondition proved (CVC4: 2 VC in max 0.0 seconds and 1 step)
x86-vm2.ads:81:32: info: initialization of "Page" proved
x86-vm2.ads:87:25: medium: contract case might fail (e.g. when Dir_Pages = (others => False) and Page = 2097152)
x86-vm2.ads:87:31: info: initialization of "Page" proved
x86-vm2.ads:88:25: info: contract case proved (CVC4: 2 VC in max 0.0 seconds and 1 step)
x86-vm2.ads:88:29: info: initialization of "Page" proved
